<?xml version="1.0" encoding="UTF-8"?>
<!-- Generated by org.testng.reporters.JUnitXMLReporter -->
<testsuite hostname="rajnichauhan" ignored="0" name="Test" tests="7" failures="0" timestamp="21 Apr 2021 07:31:06 GMT" time="0.041" errors="0">
  <testcase name="@BeforeTest openwebsite" time="0.001" classname="TestCases.HomePageTest">
    <failure type="java.lang.Error" message="Unresolved compilation problem: 
	The method invokeDriver() is undefined for the type HomePageTest
">
      <![CDATA[java.lang.Error: Unresolved compilation problem: 
	The method invokeDriver() is undefined for the type HomePageTest

	at TestCases.HomePageTest.openwebsite(HomePageTest.java:25)
... Removed 23 stack frames]]>
    </failure>
  </testcase> <!-- @BeforeTest openwebsite -->
  <testcase name="validateJoinTodaybtn" time="0.0" classname="TestCases.HomePageTest">
    <skipped/>
  </testcase> <!-- validateJoinTodaybtn -->
  <testcase name="validateSignInbtn" time="0.0" classname="TestCases.HomePageTest">
    <skipped/>
  </testcase> <!-- validateSignInbtn -->
  <testcase name="validateTitle" time="0.0" classname="TestCases.HomePageTest">
    <skipped/>
  </testcase> <!-- validateTitle -->
  <testcase name="validateBSCregion" time="0.0" classname="TestCases.HomePageTest">
    <skipped/>
  </testcase> <!-- validateBSCregion -->
  <testcase name="validatePSCregion" time="0.0" classname="TestCases.HomePageTest">
    <skipped/>
  </testcase> <!-- validatePSCregion -->
  <testcase name="validateWSCregion" time="0.0" classname="TestCases.HomePageTest">
    <skipped/>
  </testcase> <!-- validateWSCregion -->
  <testcase name="createAccount" time="0.0" classname="TestCases.CreateAccountTest">
    <skipped/>
  </testcase> <!-- createAccount -->
</testsuite> <!-- Test -->
